Arguments: 
  C:\Program Files\nodejs\node.exe C:\Program Files (x86)\Yarn\bin\yarn.js add @fortawesome/fontawesome-svg-core yarn add @fortawesome/free-solid-svg-icons yarn add @fortawesome/angular-fontawesome

PATH: 
  C:\Program Files\Git\mingw64\bin;C:\Program Files\Git\usr\bin;C:\Users\Tom\bin;C:\Program Files (x86)\Common Files\Oracle\Java\javapath;C:\Program Files (x86)\NVIDIA Corporation\PhysX\Common;C:\ProgramData\Oracle\Java\javapath;C:\Program Files (x86)\Intel\iCLS Client;C:\Program Files\Intel\iCLS Client;C:\WINDOWS\system32;C:\WINDOWS;C:\WINDOWS\System32\Wbem;C:\WINDOWS\System32\WindowsPowerShell\v1.0;C:\Program Files (x86)\Intel\Intel(R) Management Engine Components\DAL;C:\Program Files\Intel\Intel(R) Management Engine Components\DAL;C:\Program Files (x86)\Intel\Intel(R) Management Engine Components\IPT;C:\Program Files\Intel\Intel(R) Management Engine Components\IPT;C:\Program Files\apache-maven-3.5.0\bin;C:\Program Files\Java\jdk1.8.0_144\bin;C:\Program Files (x86)\Windows Kits\8.1\Windows Performance Toolkit;C:\WINDOWS\system32;C:\WINDOWS;C:\WINDOWS\System32\Wbem;C:\WINDOWS\System32\WindowsPowerShell\v1.0;C:\WINDOWS\System32\OpenSSH;C:\Program Files\Intel\WiFi\bin;C:\Program Files\Common Files\Intel\WirelessCommon;C:\Program Files\Microsoft VS Code Insiders\bin;C:\Program Files (x86)\Yarn\bin;C:\ProgramData\chocolatey\bin;C:\Program Files\nodejs;C:\Program Files\Git\cmd;C:\Program Files\Microsoft VS Code\bin;C:\Users\Tom\AppData\Local\Microsoft\WindowsApps;C:\Program Files\Microsoft VS Code\bin;C:\Program Files\Microsoft VS Code Insiders\bin;C:\Users\Tom\AppData\Local\hyper\app-2.0.0\resources\bin;C:\Users\Tom\AppData\Local\Yarn\bin;C:\Users\Tom\AppData\Local\Programs\Microsoft VS Code Insiders\bin;C:\Users\Tom\AppData\Roaming\npm;%DASHLANE_DLL_DIR%

Yarn version: 
  1.7.0

Node version: 
  8.11.3

Platform: 
  win32 x64

Trace: 
  Error: EPERM: operation not permitted, unlink 'C:\Users\Tom\Documents\JS\dinoMemory\node_modules\node-sass\vendor\win32-x64-57\binding.node'

npm manifest: 
  {
    "name": "dinomemory",
    "version": "1.0.0",
    "main": "scripts.js",
    "private": true,
    "dependencies": {
      "@angular/animations": "^6.1.7",
      "@angular/common": "^6.1.7",
      "@angular/compiler": "^6.1.7",
      "@angular/core": "^6.1.7",
      "@angular/forms": "^6.1.7",
      "@angular/http": "^6.1.7",
      "@angular/platform-browser": "^6.1.7",
      "@angular/platform-browser-dynamic": "^6.1.7",
      "@angular/router": "^6.1.7",
      "core-js": "^2.5.7",
      "lodash": "^4.17.10",
      "rxjs": "^6.3.2",
      "systemjs": "^0.21.4",
      "zone.js": "^0.8.26"
    },
    "devDependencies": {
      "@angular-devkit/build-angular": "~0.8.0",
      "@angular/cli": "6.2.1",
      "@angular/compiler-cli": "^6.1.7",
      "@angular/language-service": "^6.1.7",
      "@types/jasmine": "~2.8.8",
      "@types/jasminewd2": "~2.0.3",
      "@types/node": "~10.9.4",
      "codelyzer": "^4.4.4",
      "jasmine-core": "~3.2.1",
      "jasmine-spec-reporter": "~4.2.1",
      "karma": "~3.0.0",
      "karma-chrome-launcher": "~2.2.0",
      "karma-cli": "~1.0.1",
      "karma-coverage-istanbul-reporter": "^2.0.4",
      "karma-jasmine": "~1.1.2",
      "karma-jasmine-html-reporter": "^1.3.1",
      "live-server": "^1.2.0",
      "protractor": "^5.4.1",
      "ts-node": "~3.2.0",
      "tslint": "~5.7.0",
      "typescript": "~2.7.2"
    },
    "scripts": {
      "ng": "ng",
      "start": "ng serve",
      "build": "ng build --prod",
      "test": "ng test",
      "lint": "ng lint",
      "e2e": "ng e2e"
    },
    "repository": {
      "type": "git",
      "url": "git+https://github.com/z411419/dinoMemory.git"
    },
    "author": "",
    "license": "ISC",
    "bugs": {
      "url": "https://github.com/z411419/dinoMemory/issues"
    },
    "homepage": "https://github.com/z411419/dinoMemory#readme",
    "keywords": [],
    "description": ""
  }

yarn manifest: 
  No manifest

Lockfile: 
  No lockfile
